<?xml version="1.0" encoding="UTF-8"?>
<testng-results ignored="0" total="1" passed="1" failed="0" skipped="0">
  <reporter-output>
  </reporter-output>
  <suite started-at="2025-03-01T12:52:46 IST" name="Suite" finished-at="2025-03-01T12:52:58 IST" duration-ms="12055">
    <groups>
    </groups>
    <test started-at="2025-03-01T12:52:46 IST" name="Test" finished-at="2025-03-01T12:52:58 IST" duration-ms="12055">
      <class name="testscript.ManageNewsTest">
        <test-method is-config="true" signature="initializeBrowser(java.lang.String)[pri:0, instance:testscript.ManageNewsTest@dc7df28]" started-at="2025-03-01T12:52:46 IST" name="initializeBrowser" finished-at="2025-03-01T12:52:54 IST" duration-ms="7802" status="PASS">
          <params>
            <param index="0">
              <value>
                <![CDATA[chrome]]>
              </value>
            </param>
          </params>
          <reporter-output>
          </reporter-output>
        </test-method> <!-- initializeBrowser -->
        <test-method signature="verifyThatUserCanCreateNewsSuccessfully()[pri:0, instance:testscript.ManageNewsTest@dc7df28]" started-at="2025-03-01T12:52:54 IST" name="verifyThatUserCanCreateNewsSuccessfully" description="Test to check whether the  User is able to create News Successfully " finished-at="2025-03-01T12:52:58 IST" duration-ms="4100" status="PASS">
          <reporter-output>
          </reporter-output>
        </test-method> <!-- verifyThatUserCanCreateNewsSuccessfully -->
        <test-method is-config="true" signature="browserQuit(org.testng.ITestResult)[pri:0, instance:testscript.ManageNewsTest@dc7df28]" started-at="2025-03-01T12:52:58 IST" name="browserQuit" finished-at="2025-03-01T12:52:58 IST" duration-ms="23" status="PASS">
          <params>
            <param index="0">
              <value>
                <![CDATA[[TestResult name=verifyThatUserCanCreateNewsSuccessfully status=SUCCESS method=ManageNewsTest.verifyThatUserCanCreateNewsSuccessfully()[pri:0, instance:testscript.ManageNewsTest@dc7df28] output={null}]]]>
              </value>
            </param>
          </params>
          <reporter-output>
          </reporter-output>
        </test-method> <!-- browserQuit -->
      </class> <!-- testscript.ManageNewsTest -->
    </test> <!-- Test -->
  </suite> <!-- Suite -->
</testng-results>
